app/build/intermediates/manifest_merge_blame_file/debug/manifest-merger-blame-debug-report.txt
1<?xml version="1.0" encoding="utf-8"?>
2<manifest xmlns:android="http://schemas.android.com/apk/res/android"
3    package="br.com.example.meuprimeiroexemplo"
4    android:versionCode="1"
5    android:versionName="1.0" >
6
7    <uses-sdk
8        android:minSdkVersion="19"
8-->src/main/AndroidManifest.xml
9        android:targetSdkVersion="30" />
9-->src/main/AndroidManifest.xml
10
11    <application
11-->src/main/AndroidManifest.xml:5:5-24:19
12        android:allowBackup="true"
12-->src/main/AndroidManifest.xml:6:9-35
13        android:appComponentFactory="androidx.core.app.CoreComponentFactory"
13-->[androidx.core:core:1.3.0] AndroidManifest.xml:24:18-86
14        android:debuggable="true"
15        android:icon="@mipmap/ic_launcher"
15-->src/main/AndroidManifest.xml:7:9-43
16        android:label="@string/app_name"
16-->src/main/AndroidManifest.xml:8:9-41
17        android:roundIcon="@mipmap/ic_launcher_round"
17-->src/main/AndroidManifest.xml:9:9-54
18        android:supportsRtl="true"
18-->src/main/AndroidManifest.xml:10:9-35
19        android:testOnly="true"
20        android:theme="@style/AppTheme" >
20-->src/main/AndroidManifest.xml:11:9-40
21        <activity android:name="br.com.example.meuprimeiroexemplo.activity.CommentsActivity" />
21-->src/main/AndroidManifest.xml:12:9-63
21-->src/main/AndroidManifest.xml:12:19-60
22        <activity android:name="br.com.example.meuprimeiroexemplo.activity.PostActivity" />
22-->src/main/AndroidManifest.xml:13:9-59
22-->src/main/AndroidManifest.xml:13:19-56
23        <activity android:name="br.com.example.meuprimeiroexemplo.activity.AddresActivity" />
23-->src/main/AndroidManifest.xml:14:9-61
23-->src/main/AndroidManifest.xml:14:19-58
24        <activity android:name="br.com.example.meuprimeiroexemplo.activity.UserActivity" />
24-->src/main/AndroidManifest.xml:15:9-59
24-->src/main/AndroidManifest.xml:15:19-56
25        <activity android:name="br.com.example.meuprimeiroexemplo.activity.HomeActivity" >
25-->src/main/AndroidManifest.xml:16:9-22:20
25-->src/main/AndroidManifest.xml:16:19-56
26            <intent-filter>
26-->src/main/AndroidManifest.xml:17:13-21:29
27                <action android:name="android.intent.action.MAIN" />
27-->src/main/AndroidManifest.xml:18:17-69
27-->src/main/AndroidManifest.xml:18:25-66
28
29                <category android:name="android.intent.category.LAUNCHER" />
29-->src/main/AndroidManifest.xml:20:17-77
29-->src/main/AndroidManifest.xml:20:27-74
30            </intent-filter>
31        </activity>
32        <activity android:name="br.com.example.meuprimeiroexemplo.activity.PessoaActivity" />
32-->src/main/AndroidManifest.xml:23:9-61
32-->src/main/AndroidManifest.xml:23:19-58
33    </application>
34
35</manifest>